2017-05-15 13:05:41 INFO  Session:60 - Message received: LoginMessage{login='qwerty'}
2017-05-15 13:05:41 INFO  Server:24 - qwerty is trying to login
2017-05-15 13:05:42 INFO  Server:42 - ID: 3, login: qwer2017-05-15 13:05:42 INFO  Client:110 - Message received: InfoResultMessage{id='3'login='qwerty'}
2017-05-15 13:05:42 INFO  Client:110 - Message received: StatusMessage{status='logged 2017-05-15 13:05:48 INFO  Session:60 - Message received: InfoMessage{id='0'}
2017-05-15 13:05:48 INFO  Session:56 - Mes2017-05-15 13:05:48 INFO  Client:110 - Message rece2017-05-15 13:05:48 INFO  Session:56 - Message2017-05-15 13:05:48 INFO  Client:110 - 2017-05-15 13:05:53 INFO  Session:60 - Message received: InfoMessage{id='2'}
2017-05-15 13:05:53 INFO  Session:56 - Message sent: InfoResultMessage{id='2'login='lol'}
2017-05-15 13:05:53 INFO  Session:56 - Message sent: StatusMessage{status='success'}
2017-05-15 13:06:59 INFO  Session:60 - Message received: InfoMessage{id='228'}
2017-05-15 13:06:59 INFO  Session:56 - Message sent: StatusMessage{status='no such user exists'}
2017-05-15 13:07:04 ERROR Session:93 - Failed to transfer data: 
java.io.EOFException
	at java.io.ObjectInputStream$BlockDataInputStream.peekByte(ObjectInputStream.java:2917)
	at java.io.ObjectInputStream.readObject0(ObjectInputStream.java:1502)
	at java.io.ObjectInputStream.readObject(ObjectInputStream.java:422)
	at messenger.core.net.Session.run(Session.java:78)
	at java.util.concurrent.Executors$RunnableAdapter.call(Executors.java:511)
	at java.util.concurrent.FutureTask.run(FutureTask.java:266)
	at java.util.concurrent.ThreadPoolExecutor.runWorker(ThreadPoolExecutor.java:1142)
	at java.util.concurrent.ThreadPoolExecutor$Worker.run(ThreadPoolExecutor.java:617)
	at java.lang.Thread.run(Thread.java:748)
2017-05-15 13:07:05 INFO  Server:68 - Session is closed
